Y:\DOWNLOADS\JM8.6FINAL\JM\LDECOD\DEBUG\LDECOD.BSC
Y:\DOWNLOADS\JM8.6FINAL\JM\LDECOD\DEBUG\CONTEXT_INI.SBR
Y:\DOWNLOADS\JM8.6FINAL\JM\LDECOD\DEBUG\ERC_API.SBR
Y:\DOWNLOADS\JM8.6FINAL\JM\LDECOD\DEBUG\ERC_DO_I.SBR
Y:\DOWNLOADS\JM8.6FINAL\JM\LDECOD\DEBUG\ERC_DO_P.SBR
Y:\DOWNLOADS\JM8.6FINAL\JM\LDECOD\DEBUG\ERRORCONCEALMENT.SBR
Y:\DOWNLOADS\JM8.6FINAL\JM\LDECOD\DEBUG\FILEHANDLE.SBR
Y:\DOWNLOADS\JM8.6FINAL\JM\LDECOD\DEBUG\FMO.SBR
Y:\DOWNLOADS\JM8.6FINAL\JM\LDECOD\DEBUG\HEADER.SBR
Y:\DOWNLOADS\JM8.6FINAL\JM\LDECOD\DEBUG\IMAGE.SBR
Y:\DOWNLOADS\JM8.6FINAL\JM\LDECOD\DEBUG\LDECOD.SBR
Y:\DOWNLOADS\JM8.6FINAL\JM\LDECOD\DEBUG\LEAKY_BUCKET.SBR
Y:\DOWNLOADS\JM8.6FINAL\JM\LDECOD\DEBUG\LOOPFILTER.SBR
Y:\DOWNLOADS\JM8.6FINAL\JM\LDECOD\DEBUG\MACROBLOCK.SBR
Y:\DOWNLOADS\JM8.6FINAL\JM\LDECOD\DEBUG\MB_ACCESS.SBR
Y:\DOWNLOADS\JM8.6FINAL\JM\LDECOD\DEBUG\MBUFFER.SBR
Y:\DOWNLOADS\JM8.6FINAL\JM\LDECOD\DEBUG\MEMALLOC.SBR
Y:\DOWNLOADS\JM8.6FINAL\JM\LDECOD\DEBUG\MEMALLOC.OBJ
Y:\DOWNLOADS\JM8.6FINAL\JM\LDECOD\DEBUG\MBUFFER.OBJ
Y:\DOWNLOADS\JM8.6FINAL\JM\LDECOD\DEBUG\MB_ACCESS.OBJ
Y:\DOWNLOADS\JM8.6FINAL\JM\LDECOD\DEBUG\MACROBLOCK.OBJ
Y:\DOWNLOADS\JM8.6FINAL\JM\LDECOD\DEBUG\LOOPFILTER.OBJ
Y:\DOWNLOADS\JM8.6FINAL\JM\LDECOD\DEBUG\LEAKY_BUCKET.OBJ
Y:\DOWNLOADS\JM8.6FINAL\JM\LDECOD\DEBUG\LDECOD.OBJ
Y:\DOWNLOADS\JM8.6FINAL\JM\LDECOD\DEBUG\IMAGE.OBJ
Y:\DOWNLOADS\JM8.6FINAL\JM\LDECOD\DEBUG\HEADER.OBJ
Y:\DOWNLOADS\JM8.6FINAL\JM\LDECOD\DEBUG\FMO.OBJ
Y:\DOWNLOADS\JM8.6FINAL\JM\LDECOD\DEBUG\FILEHANDLE.OBJ
Y:\DOWNLOADS\JM8.6FINAL\JM\LDECOD\DEBUG\ERRORCONCEALMENT.OBJ
Y:\DOWNLOADS\JM8.6FINAL\JM\LDECOD\DEBUG\ERC_DO_P.OBJ
Y:\DOWNLOADS\JM8.6FINAL\JM\LDECOD\DEBUG\ERC_DO_I.OBJ
Y:\DOWNLOADS\JM8.6FINAL\JM\LDECOD\DEBUG\ERC_API.OBJ
Y:\DOWNLOADS\JM8.6FINAL\JM\LDECOD\DEBUG\CONTEXT_INI.OBJ
Y:\DOWNLOADS\JM8.6FINAL\JM\LDECOD\DEBUG\CABAC.OBJ
Y:\DOWNLOADS\JM8.6FINAL\JM\LDECOD\DEBUG\BLOCK.OBJ
Y:\DOWNLOADS\JM8.6FINAL\JM\LDECOD\DEBUG\BIARIDECOD.OBJ
Y:\DOWNLOADS\JM8.6FINAL\JM\LDECOD\DEBUG\ANNEXB.OBJ
Y:\DOWNLOADS\JM8.6FINAL\JM\LDECOD\DEBUG\NAL.SBR
Y:\DOWNLOADS\JM8.6FINAL\JM\LDECOD\DEBUG\NAL_PART.SBR
Y:\DOWNLOADS\JM8.6FINAL\JM\LDECOD\DEBUG\NALU.SBR
Y:\DOWNLOADS\JM8.6FINAL\JM\LDECOD\DEBUG\NALUCOMMON.SBR
Y:\DOWNLOADS\JM8.6FINAL\JM\LDECOD\DEBUG\OUTPUT.SBR
Y:\DOWNLOADS\JM8.6FINAL\JM\LDECOD\DEBUG\PARSET.SBR
Y:\DOWNLOADS\JM8.6FINAL\JM\LDECOD\DEBUG\PARSETCOMMON.SBR
Y:\DOWNLOADS\JM8.6FINAL\JM\LDECOD\DEBUG\RTP.SBR
Y:\DOWNLOADS\JM8.6FINAL\JM\LDECOD\DEBUG\SEI.SBR
Y:\DOWNLOADS\JM8.6FINAL\JM\LDECOD\DEBUG\VLC.SBR
Y:\DOWNLOADS\JM8.6FINAL\JM\LDECOD\DEBUG\VLC.OBJ
Y:\DOWNLOADS\JM8.6FINAL\JM\LDECOD\DEBUG\SEI.OBJ
Y:\DOWNLOADS\JM8.6FINAL\JM\LDECOD\DEBUG\RTP.OBJ
Y:\DOWNLOADS\JM8.6FINAL\JM\LDECOD\DEBUG\PARSETCOMMON.OBJ
Y:\DOWNLOADS\JM8.6FINAL\JM\LDECOD\DEBUG\PARSET.OBJ
Y:\DOWNLOADS\JM8.6FINAL\JM\LDECOD\DEBUG\OUTPUT.OBJ
Y:\DOWNLOADS\JM8.6FINAL\JM\LDECOD\DEBUG\NALUCOMMON.OBJ
Y:\DOWNLOADS\JM8.6FINAL\JM\LDECOD\DEBUG\NALU.OBJ
Y:\DOWNLOADS\JM8.6FINAL\JM\LDECOD\DEBUG\NAL_PART.OBJ
Y:\DOWNLOADS\JM8.6FINAL\JM\LDECOD\DEBUG\NAL.OBJ
Y:\DOWNLOADS\JM8.6FINAL\JM\LDECOD\DEBUG\VC110.PDB
Y:\DOWNLOADS\JM8.6FINAL\JM\LDECOD\DEBUG\LDECOD.PDB
Y:\Downloads\jm8.6final\JM\ldecod\Debug\annexb.obj
Y:\Downloads\jm8.6final\JM\ldecod\Debug\biaridecod.obj
Y:\Downloads\jm8.6final\JM\ldecod\Debug\block.obj
Y:\Downloads\jm8.6final\JM\ldecod\Debug\cabac.obj
Y:\Downloads\jm8.6final\JM\ldecod\Debug\context_ini.obj
Y:\Downloads\jm8.6final\JM\ldecod\Debug\erc_api.obj
Y:\Downloads\jm8.6final\JM\ldecod\Debug\erc_do_i.obj
Y:\Downloads\jm8.6final\JM\ldecod\Debug\erc_do_p.obj
Y:\Downloads\jm8.6final\JM\ldecod\Debug\errorconcealment.obj
Y:\Downloads\jm8.6final\JM\ldecod\Debug\filehandle.obj
Y:\Downloads\jm8.6final\JM\ldecod\Debug\fmo.obj
Y:\Downloads\jm8.6final\JM\ldecod\Debug\header.obj
Y:\Downloads\jm8.6final\JM\ldecod\Debug\image.obj
Y:\Downloads\jm8.6final\JM\ldecod\Debug\ldecod.obj
Y:\Downloads\jm8.6final\JM\ldecod\Debug\leaky_bucket.obj
Y:\Downloads\jm8.6final\JM\ldecod\Debug\loopFilter.obj
Y:\Downloads\jm8.6final\JM\ldecod\Debug\macroblock.obj
Y:\Downloads\jm8.6final\JM\ldecod\Debug\mb_access.obj
Y:\Downloads\jm8.6final\JM\ldecod\Debug\mbuffer.obj
Y:\Downloads\jm8.6final\JM\ldecod\Debug\memalloc.obj
Y:\Downloads\jm8.6final\JM\ldecod\Debug\nal.obj
Y:\Downloads\jm8.6final\JM\ldecod\Debug\nal_part.obj
Y:\Downloads\jm8.6final\JM\ldecod\Debug\nalu.obj
Y:\Downloads\jm8.6final\JM\ldecod\Debug\nalucommon.obj
Y:\Downloads\jm8.6final\JM\ldecod\Debug\output.obj
Y:\Downloads\jm8.6final\JM\ldecod\Debug\parset.obj
Y:\Downloads\jm8.6final\JM\ldecod\Debug\parsetcommon.obj
Y:\Downloads\jm8.6final\JM\ldecod\Debug\rtp.obj
Y:\Downloads\jm8.6final\JM\ldecod\Debug\sei.obj
Y:\Downloads\jm8.6final\JM\ldecod\Debug\vlc.obj
Y:\Downloads\jm8.6final\JM\ldecod\Debug\BscMake.command.1.tlog
Y:\Downloads\jm8.6final\JM\ldecod\Debug\BscMake.read.1.tlog
Y:\Downloads\jm8.6final\JM\ldecod\Debug\BscMake.write.1.tlog
Y:\Downloads\jm8.6final\JM\ldecod\Debug\cl.command.1.tlog
Y:\Downloads\jm8.6final\JM\ldecod\Debug\cl.read.1.tlog
Y:\Downloads\jm8.6final\JM\ldecod\Debug\cl.write.1.tlog
Y:\Downloads\jm8.6final\JM\ldecod\Debug\link-cvtres.read.1.tlog
Y:\Downloads\jm8.6final\JM\ldecod\Debug\link-cvtres.write.1.tlog
Y:\Downloads\jm8.6final\JM\ldecod\Debug\link-rc.read.1.tlog
Y:\Downloads\jm8.6final\JM\ldecod\Debug\link-rc.write.1.tlog
Y:\Downloads\jm8.6final\JM\ldecod\Debug\link.command.1.tlog
Y:\Downloads\jm8.6final\JM\ldecod\Debug\link.read.1.tlog
Y:\Downloads\jm8.6final\JM\ldecod\Debug\link.write.1.tlog
Y:\Downloads\jm8.6final\JM\ldecod\Debug\ldecod.pdb
Y:\Downloads\jm8.6final\JM\ldecod\Debug\vc110.pdb
Y:\Downloads\jm8.6final\JM\ldecod\Debug\ldecod.bsc
Y:\Downloads\jm8.6final\JM\ldecod\Debug\annexb.sbr
Y:\Downloads\jm8.6final\JM\ldecod\Debug\biaridecod.sbr
Y:\Downloads\jm8.6final\JM\ldecod\Debug\block.sbr
Y:\Downloads\jm8.6final\JM\ldecod\Debug\cabac.sbr
Y:\Downloads\jm8.6final\JM\ldecod\Debug\context_ini.sbr
Y:\Downloads\jm8.6final\JM\ldecod\Debug\erc_api.sbr
Y:\Downloads\jm8.6final\JM\ldecod\Debug\erc_do_i.sbr
Y:\Downloads\jm8.6final\JM\ldecod\Debug\erc_do_p.sbr
Y:\Downloads\jm8.6final\JM\ldecod\Debug\errorconcealment.sbr
Y:\Downloads\jm8.6final\JM\ldecod\Debug\filehandle.sbr
Y:\Downloads\jm8.6final\JM\ldecod\Debug\fmo.sbr
Y:\Downloads\jm8.6final\JM\ldecod\Debug\header.sbr
Y:\Downloads\jm8.6final\JM\ldecod\Debug\image.sbr
Y:\Downloads\jm8.6final\JM\ldecod\Debug\ldecod.sbr
Y:\Downloads\jm8.6final\JM\ldecod\Debug\leaky_bucket.sbr
Y:\Downloads\jm8.6final\JM\ldecod\Debug\loopFilter.sbr
Y:\Downloads\jm8.6final\JM\ldecod\Debug\macroblock.sbr
Y:\Downloads\jm8.6final\JM\ldecod\Debug\mb_access.sbr
Y:\Downloads\jm8.6final\JM\ldecod\Debug\mbuffer.sbr
Y:\Downloads\jm8.6final\JM\ldecod\Debug\memalloc.sbr
Y:\Downloads\jm8.6final\JM\ldecod\Debug\nal.sbr
Y:\Downloads\jm8.6final\JM\ldecod\Debug\nal_part.sbr
Y:\Downloads\jm8.6final\JM\ldecod\Debug\nalu.sbr
Y:\Downloads\jm8.6final\JM\ldecod\Debug\nalucommon.sbr
Y:\Downloads\jm8.6final\JM\ldecod\Debug\output.sbr
Y:\Downloads\jm8.6final\JM\ldecod\Debug\parset.sbr
Y:\Downloads\jm8.6final\JM\ldecod\Debug\parsetcommon.sbr
Y:\Downloads\jm8.6final\JM\ldecod\Debug\rtp.sbr
Y:\Downloads\jm8.6final\JM\ldecod\Debug\sei.sbr
Y:\Downloads\jm8.6final\JM\ldecod\Debug\vlc.sbr
